[16:25:32 ERROR]: Thread JDA MainWS-ReadThread failed main thread check: Command Dispatched Async: whitelist add NotAMojangDev
java.lang.Throwable: null
	at org.spigotmc.AsyncCatcher.catchOp(AsyncCatcher.java:14) ~[paper-1.20.4.jar:git-Paper-496]
	at org.bukkit.craftbukkit.v1_20_R3.CraftServer.dispatchCommand(CraftServer.java:997) ~[paper-1.20.4.jar:git-Paper-496]
	at org.bukkit.Bukkit.dispatchCommand(Bukkit.java:1100) ~[paper-api-1.20.4-R0.1-SNAPSHOT.jar:?]
	at io.namd.discordlink.Discord.WhitelistListener.onMessageReceived(WhitelistListener.java:74) ~[DiscordLink-1.jar:?]
	at net.dv8tion.jda.api.hooks.ListenerAdapter.onEvent(ListenerAdapter.java:463) ~[DiscordLink-1.jar:?]
	at net.dv8tion.jda.api.hooks.InterfacedEventManager.handle(InterfacedEventManager.java:98) ~[DiscordLink-1.jar:?]
	at net.dv8tion.jda.internal.hooks.EventManagerProxy.handleInternally(EventManagerProxy.java:88) ~[DiscordLink-1.jar:?]
	at net.dv8tion.jda.internal.hooks.EventManagerProxy.handle(EventManagerProxy.java:70) ~[DiscordLink-1.jar:?]
	at net.dv8tion.jda.internal.JDAImpl.handleEvent(JDAImpl.java:169) ~[DiscordLink-1.jar:?]
	at net.dv8tion.jda.internal.handle.MessageCreateHandler.handleInternally(MessageCreateHandler.java:138) ~[DiscordLink-1.jar:?]
	at net.dv8tion.jda.internal.handle.SocketHandler.handle(SocketHandler.java:39) ~[DiscordLink-1.jar:?]
	at net.dv8tion.jda.internal.requests.WebSocketClient.onDispatch(WebSocketClient.java:1009) ~[DiscordLink-1.jar:?]
	at net.dv8tion.jda.internal.requests.WebSocketClient.onEvent(WebSocketClient.java:892) ~[DiscordLink-1.jar:?]
	at net.dv8tion.jda.internal.requests.WebSocketClient.handleEvent(WebSocketClient.java:870) ~[DiscordLink-1.jar:?]
	at net.dv8tion.jda.internal.requests.WebSocketClient.onBinaryMessage(WebSocketClient.java:1048) ~[DiscordLink-1.jar:?]
	at com.neovisionaries.ws.client.ListenerManager.callOnBinaryMessage(ListenerManager.java:385) ~[DiscordLink-1.jar:?]
	at com.neovisionaries.ws.client.ReadingThread.callOnBinaryMessage(ReadingThread.java:276) ~[DiscordLink-1.jar:?]
	at com.neovisionaries.ws.client.ReadingThread.handleBinaryFrame(ReadingThread.java:996) ~[DiscordLink-1.jar:?]
	at com.neovisionaries.ws.client.ReadingThread.handleFrame(ReadingThread.java:755) ~[DiscordLink-1.jar:?]
	at com.neovisionaries.ws.client.ReadingThread.main(ReadingThread.java:108) ~[DiscordLink-1.jar:?]
	at com.neovisionaries.ws.client.ReadingThread.runMain(ReadingThread.java:64) ~[DiscordLink-1.jar:?]
	at com.neovisionaries.ws.client.WebSocketThread.run(WebSocketThread.java:45) ~[DiscordLink-1.jar:?]
[16:25:32 ERROR]: [net.dv8tion.jda.api.JDA] One of the EventListeners had an uncaught exception
java.lang.IllegalStateException: Asynchronous Command Dispatched Async: whitelist add NotAMojangDev!
	at org.spigotmc.AsyncCatcher.catchOp(AsyncCatcher.java:15) ~[paper-1.20.4.jar:git-Paper-496]
	at org.bukkit.craftbukkit.v1_20_R3.CraftServer.dispatchCommand(CraftServer.java:997) ~[paper-1.20.4.jar:git-Paper-496]
	at org.bukkit.Bukkit.dispatchCommand(Bukkit.java:1100) ~[paper-api-1.20.4-R0.1-SNAPSHOT.jar:?]
	at io.namd.discordlink.Discord.WhitelistListener.onMessageReceived(WhitelistListener.java:74) ~[DiscordLink-1.jar:?]
	at net.dv8tion.jda.api.hooks.ListenerAdapter.onEvent(ListenerAdapter.java:463) ~[DiscordLink-1.jar:?]
	at net.dv8tion.jda.api.hooks.InterfacedEventManager.handle(InterfacedEventManager.java:98) ~[DiscordLink-1.jar:?]
	at net.dv8tion.jda.internal.hooks.EventManagerProxy.handleInternally(EventManagerProxy.java:88) ~[DiscordLink-1.jar:?]
	at net.dv8tion.jda.internal.hooks.EventManagerProxy.handle(EventManagerProxy.java:70) ~[DiscordLink-1.jar:?]
	at net.dv8tion.jda.internal.JDAImpl.handleEvent(JDAImpl.java:169) ~[DiscordLink-1.jar:?]
	at net.dv8tion.jda.internal.handle.MessageCreateHandler.handleInternally(MessageCreateHandler.java:138) ~[DiscordLink-1.jar:?]
	at net.dv8tion.jda.internal.handle.SocketHandler.handle(SocketHandler.java:39) ~[DiscordLink-1.jar:?]
	at net.dv8tion.jda.internal.requests.WebSocketClient.onDispatch(WebSocketClient.java:1009) ~[DiscordLink-1.jar:?]
	at net.dv8tion.jda.internal.requests.WebSocketClient.onEvent(WebSocketClient.java:892) ~[DiscordLink-1.jar:?]
	at net.dv8tion.jda.internal.requests.WebSocketClient.handleEvent(WebSocketClient.java:870) ~[DiscordLink-1.jar:?]
	at net.dv8tion.jda.internal.requests.WebSocketClient.onBinaryMessage(WebSocketClient.java:1048) ~[DiscordLink-1.jar:?]
	at com.neovisionaries.ws.client.ListenerManager.callOnBinaryMessage(ListenerManager.java:385) ~[DiscordLink-1.jar:?]
	at com.neovisionaries.ws.client.ReadingThread.callOnBinaryMessage(ReadingThread.java:276) ~[DiscordLink-1.jar:?]
	at com.neovisionaries.ws.client.ReadingThread.handleBinaryFrame(ReadingThread.java:996) ~[DiscordLink-1.jar:?]
	at com.neovisionaries.ws.client.ReadingThread.handleFrame(ReadingThread.java:755) ~[DiscordLink-1.jar:?]
	at com.neovisionaries.ws.client.ReadingThread.main(ReadingThread.java:108) ~[DiscordLink-1.jar:?]
	at com.neovisionaries.ws.client.ReadingThread.runMain(ReadingThread.java:64) ~[DiscordLink-1.jar:?]
	at com.neovisionaries.ws.client.WebSocketThread.run(WebSocketThread.java:45) ~[DiscordLink-1.jar:?]